<?xml version="1.0" encoding="UTF-8"?>
<!-- Generated by org.testng.reporters.JUnitReportReporter -->
<testsuite hostname="DESKTOP-M9LKKFE" failures="0" tests="4" name="test.AnagramsGrouperTest" time="0.008" errors="0" timestamp="2023-10-25T00:07:23 EEST" skipped="0">
  <testcase classname="test.AnagramsGrouperTest" name="noGroup" time="0.006"/>
  <system-out/>
  <testcase classname="test.AnagramsGrouperTest" name="threeGroupsSomeUpperCase" time="0.000"/>
  <system-out/>
  <testcase classname="test.AnagramsGrouperTest" name="threeGroupsAllLowerCase" time="0.001"/>
  <system-out/>
  <testcase classname="test.AnagramsGrouperTest" name="validOneGroup" time="0.001"/>
  <system-out/>
</testsuite> <!-- test.AnagramsGrouperTest -->
